c --- [ banner ] -------------------------------------------------------------
c 
c CaDiCaL SAT Solver
c Copyright (c) 2016-2025
c A. Biere, M. Fleury, N. Froleyks, K. Fazekas, F. Pollitt, T. Faller
c JKU Linz, University of Freiburg, TU Wien
c 
c Version 3.0.0-0g+autarky+0f 8f03d9d42a514c5e76fe4d417244e3475a3f5e00
c g++ (Ubuntu 11.4.0-1ubuntu1~22.04.3) 11.4.0 -Wall -Wextra -g -DLOGGING
c Fri May 8 21:58:46 CEST 2026 Linux DESKTOP-M58RTQ0 6.6.87.2-microsoft-standard-WSL2 x86_64
c 
c --- [ parsing input ] ------------------------------------------------------
c 
c reading DIMACS file from '/home/amelie/49-132779.cnf.xz'
c opening pipe to read '/home/amelie/49-132779.cnf.xz'
c found '/usr/bin/xz' in path for 'xz'
c found 'p cnf 31504 809232' header
c parsed 809232 clauses in 1.93 seconds process time
c 
c --- [ options ] ------------------------------------------------------------
c 
c   --autarkies=true               (different from default 'false')
c   --autarkyafter=false           (different from default 'true')
c   --autarkydelay=false           (different from default 'true')
c   --autarkynonincr=true          (different from default 'false')
c   --rephase=2                    (different from default '1')
c   --stats=true                   (different from default 'false')
c   --varindexorder=false          (different from default 'true')
c   --varkeepname=false            (different from default 'true')
c   --walkddfwstrat=4              (different from default '0')
c   --walkfullocc=2                (different from default '0')
c 
c --- [ solving ] ------------------------------------------------------------
c 
c time measured in process time since initialization
c 
c  seconds  reduction conflicts       size tier2        variables
c         MB    restarts   redundant    glue  trail          remaining
c          level     rate       size/glu tier1  irredundant
c 
c *  1.99 90  0 0   0  0    0    0 0.0 0 0 2 6  0% 809192 31492 100%
c (  2.00 91  0 0   0  0    0    0 0.0 0 0 2 6  0% 809192 31492 100%
c .  2.04 91  0 0   0  0    0    0 0.0 0 0 2 6  0% 809088 31492 100%
c f 23.27 131  0 0   0  0    0    0 0.0 0 0 2 6  0% 281671 80009 254%
c e 25.61 137  0 0   0  0    0    0 0.0 0 0 2 6  0% 273580 72303 230%
c s 25.96 146  0 0   0  0    0    0 0.0 0 0 2 6  0% 273440 72303 230%
c e 26.38 146  0 0   0  0    0    0 0.0 0 0 2 6  0% 272642 71925 228%
c s 26.54 146  0 0   0  0    0    0 0.0 0 0 2 6  0% 272513 71925 228%
c e 26.85 146  0 0   0  0    0    0 0.0 0 0 2 6  0% 272095 71724 228%
c s 26.97 146  0 0   0  0    0    0 0.0 0 0 2 6  0% 271976 71724 228%
c e 27.27 146  0 0   0  0    0    0 0.0 0 0 2 6  0% 271544 71540 227%
c e 28.56 146  0 0   0  0    0    0 0.0 0 0 2 6  0% 271433 71503 227%
c s 28.66 146  0 0   0  0    0    0 0.0 0 0 2 6  0% 271356 71503 227%
c e 28.93 146  0 0   0  0    0    0 0.0 0 0 2 6  0% 271282 71464 227%
c s 29.02 146  0 0   0  0    0    0 0.0 0 0 2 6  0% 271249 71464 227%
c e 29.28 146  0 0   0  0    0    0 0.0 0 0 2 6  0% 271187 71442 227%
c s 29.37 146  0 0   0  0    0    0 0.0 0 0 2 6  0% 271174 71442 227%
c e 29.63 146  0 0   0  0    0    0 0.0 0 0 2 6  0% 271173 71439 227%
c P 29.85 146  0 0   0  0    0    0 0.0 0 0 2 6  0% 271173 71439 227%
c ) 29.85 146  0 0   0  0    0    0 0.0 0 0 2 6  0% 271173 71439 227%
c 
c  seconds   reduction conflicts       size tier2        variables
c          MB    restarts   redundant    glue  trail          remaining
c           level     rate       size/glu tier1  irredundant
c 
c { 29.87 146  0 0   0  0    0    0 0.0 0 0 2 6  0% 271173 71439 227%
c - 48.08 149 468 1   0  3  300   49 1.1 21 18 2 6  3% 271173 71439 227%
c - 63.00 149 471 2   0  2  921  111 1.2 22 19 2 6  3% 271173 71439 227%
c } 65.07 149 471 2   0  2 1001  162 1.2 22 19 2 6  3% 271173 71439 227%
c [ 65.07 149  0 2   0  0 1001  162 0.0 0 0 2 6  0% 271173 71439 227%
c ] 88.39 149 574 2   0  1 1746  718 1.7 14 8 2 6  4% 271173 71439 227%
c { 88.39 149 471 2   0  2 1746  718 1.2 22 19 2 6  3% 271173 71439 227%
c - 95.41 149 471 3   0  1 2009  400 1.2 22 19 2 6  3% 271173 71439 227%
c - 179.94 150 481 4   6  2 3617  538 1.2 23 18 2 6 25% 271173 71439 227%
c } 250.28 150 404 4  19  2 4529 1058 1.2 23 19 2 6  6% 271173 71439 227%
c [ 250.28 150 574 4  19  1 4529 1058 1.7 14 8 2 6  5% 271173 71439 227%
c autarky applied
c a 256.73 150 437 4  19  1 4785  693 1.7 15 9 2 6  4% 263570 68823 218%
c I 257.42 150 436 4  19  1 4786  694 1.7 15 9 2 6  4% 263570 68823 218%
c - 279.13 150 227 5  20  1 5773  550 1.6 17 11 5 11  2% 263570 68823 218%
c B 303.39 154 155 5  21  1 6791 1343 1.6 18 11 5 11  1% 263570 68823 218%
c ] 306.38 154 149 5  21  1 6906 1422 1.7 18 11 5 11  1% 263570 68823 218%
c { 306.38 154 404 5  21  2 6906 1422 1.2 23 19 2 6  6% 263570 68823 218%
c - 1041.09 154 345 6  54  9 8480 2365 1.4 26 18 17 18  4% 263570 68823 218%
c s 1075.12 154 298 6  62  8 9367 2832 1.4 25 17 16 18  3% 263565 68823 218%
c e 1077.05 154 298 6  62  8 9367 2136 1.4 25 17 16 18  3% 263020 68261 217%
c 
c   seconds     reduction conflicts       size    tier2         variables
c            MB     restarts   redundant     glue     trail          remaining
c              level     rate       size/glue  tier1    irredundant
c 
c s 1077.17 154 298 6  62  8 9367 2113 1.4 25 17 16 18  3% 262979 68261 217%
c e 1077.42 154 298 6  62  8 9367 2113 1.4 25 17 16 18  3% 262939 68238 217%
c } 1114.26 154 270 6  69  7 10252 2816 1.5 26 17 16 18  3% 262939 68238 217%
c [ 1114.26 154 149 6  69  1 10252 2816 1.7 18 11 5 11  1% 262939 68238 217%
c - 1157.57 154 119 7  70  1 11755 3361 1.6 19 12 5 11  1% 262939 68238 217%
c autarky applied
c a 1191.87 154 97 7  71  1 13140 4366 1.5 22 15 5 11  1% 260425 67355 214%
c W 1215.28 154 97 7  71  1 13141 4367 1.5 22 15 5 11  1% 260425 67355 214%
c ] 1240.61 154 88 7  72  1 14176 5172 1.5 24 16 8 19  1% 260425 67355 214%
c { 1240.61 154 270 7  72  7 14176 5172 1.5 26 17 16 18  3% 260425 67355 214%
c - 1285.83 154 229 8  79  6 15602 5074 1.5 25 17 16 18  3% 260425 67355 214%
c s 1323.75 157 194 8  79  5 17152 5683 1.5 24 16 16 18  2% 260376 67355 214%
c e 1324.19 157 194 8  79  5 17152 5683 1.5 24 16 16 18  2% 260341 67337 214%
c s 1324.31 157 194 8  79  5 17152 5563 1.5 24 16 16 18  2% 260332 67337 214%
c e 1324.52 157 194 8  79  5 17152 5563 1.5 24 16 16 18  2% 260255 67309 214%
c - 1397.35 157 152 9  79  4 20021 7227 1.5 22 14 16 18  2% 260255 67309 214%
c } 1426.38 157 140 9  85  4 21193 8010 1.5 21 14 16 18  2% 260255 67309 214%
c [ 1426.38 157 88 9  85  1 21193 8010 1.5 24 16 8 19  1% 260255 67309 214%
c autarky applied
c a 1492.29 157 70 9  86  1 24159 10162 1.4 25 18 10 21  1% 238528 60285 191%
c F 1493.46 157 70 9  86  1 24160 10163 1.4 25 18 10 21  1% 238528 60285 191%
c - 1511.62 157 67 10  86  1 25028 9267 1.4 25 18 10 21  1% 238528 60285 191%
c 
c   seconds    reductions  conflicts        size    tier2         variables
c            MB     restarts     redundant     glue     trail          remaining
c             level      rate         size/glue  tier1    irredundant
c 
c ] 1575.31 157 65 10  88  1 28054 11530 1.4 25 18 10 21  1% 238528 60285 191%
c { 1575.31 157 140 10  88  4 28054 11530 1.5 21 14 16 18  2% 238528 60285 191%
c s 1594.48 157 134 10  88  4 28868 11183 1.5 21 14 16 18  2% 238520 60285 191%
c e 1594.87 157 134 10  88  4 28868 11183 1.5 21 14 16 18  2% 238514 60272 191%
c s 1595.05 157 134 10  88  4 28868 10799 1.5 21 14 16 18  2% 238512 60272 191%
c - 1629.58 157 122 11  88  4 30477 10898 1.5 21 14 16 18  2% 238512 60272 191%
c - 1751.17 163 90 12 109  3 36488 14181 1.5 19 13 16 18  2% 238512 60272 191%
c } 1790.32 163 84 12 116  3 38366 15296 1.5 19 13 9 16  2% 238512 60272 191%
c [ 1790.32 163 65 12 116  1 38366 15296 1.4 25 18 10 21  1% 238512 60272 191%
c i 1794.86 163 64 12 116  1 38620 15400 1.4 25 18 10 21  1% 238512 60271 191%
c B 1813.52 163 62 12 117  1 39480 15941 1.4 24 17 10 21  1% 238502 60271 191%
c - 1884.13 163 66 13 119  1 43065 12179 1.3 27 20 10 21  2% 238502 60271 191%
c f 1885.28 163 66 13 119  1 43065 12179 1.3 27 20 10 21  2% 237361 61222 194%
c s 1947.90 163 97 13 120  1 44747 9834 1.3 28 21 10 21  2% 237361 61222 194%
c e 1948.52 163 97 13 120  1 44747 9438 1.3 28 21 10 21  2% 236896 60400 192%
c s 1948.71 163 97 13 120  1 44747 8962 1.3 28 21 10 21  2% 236893 60400 192%
c e 1948.92 163 97 13 120  1 44747 8962 1.3 28 21 10 21  2% 236893 60399 192%
c autarky applied
c a 1968.92 163 95 13 121  1 45484 9589 1.4 28 20 10 21  2% 234788 59722 190%
c W 2005.52 163 95 13 121  1 45485 9590 1.4 28 20 10 21  2% 234788 59722 190%
c ] 2074.64 163 82 13 121  1 49024 11978 1.4 26 19 10 21  2% 234788 59722 190%
c 
c   seconds    reductions  conflicts        size   tier2         variables
c            MB     restarts     redundant     glue    trail          remaining
c             level      rate         size/glue  tier1   irredundant
c 
c { 2074.64 163 84 13 121  3 49024 11978 1.5 19 13 9 16  2% 234788 59722 190%
c - 2101.90 163 81 14 129  3 50211 10428 1.5 19 12 9 16  2% 234788 59722 190%
c - 2329.10 163 66 15 262  2 57890 14748 1.6 20 12 9 16  2% 234788 59722 190%
c } 2440.07 163 58 15 299  2 62737 17949 1.6 19 12 9 16  2% 234788 59722 190%
c [ 2440.07 163 82 15 299  1 62737 17949 1.4 26 19 10 21  2% 234788 59722 190%
c s 2473.61 163 77 15 300  1 64465 15465 1.4 25 18 10 21  2% 234780 59722 190%
c s 2474.34 163 77 15 300  1 64465 14905 1.4 25 18 10 21  2% 234780 59722 190%
c ^ 2474.50 163 77 15 300  1 64465 14905 1.4 25 18 10 21  2% 234780 59722 190%
c - 2508.66 163 74 16 300  1 66138 14589 1.4 25 18 10 21  2% 234780 59722 190%
c autarky applied
c a 2510.98 163 73 16 300  1 66210 12953 1.4 25 18 10 21  2% 210856 52991 168%
c # 2511.68 163 73 16 300  1 66211 12954 1.4 25 18 10 21  1% 210856 52991 168%
c B 2655.06 163 61 16 303  1 74233 19194 1.4 24 17 10 19  1% 210856 52991 168%
c - 2668.04 163 61 17 303  1 74949 17070 1.4 24 17 10 19  1% 210856 52991 168%
c f 2669.45 163 61 17 303  1 74949 17070 1.4 24 17 10 19  1% 210495 53151 169%
c ] 2697.87 163 60 17 304  1 76514 18263 1.4 25 18 10 19  1% 210495 53151 169%
c { 2697.87 163 58 17 304  2 76514 18263 1.6 19 12 9 16  2% 210495 53151 169%
c - 2857.36 163 50 18 410  2 84011 20767 1.6 18 11 9 16  2% 210495 53151 169%
c s 2954.85 163 47 18 488  2 88167 19085 1.6 18 11 9 16  2% 210495 53151 169%
c e 2956.73 163 47 18 488  2 88167 16216 1.6 18 11 9 16  2% 219227 44192 140%
c s 2957.26 163 47 18 488  2 88167 15995 1.6 18 11 9 16  2% 219167 44192 140%
c 
c   seconds    reductions  conflicts        size   tier2         variables
c            MB     restarts     redundant     glue    trail          remaining
c             level      rate         size/glue  tier1   irredundant
c 
c e 2957.52 163 47 18 488  2 88167 15995 1.6 18 11 9 16  2% 219097 44152 140%
c - 3052.01 163 43 19 562  2 93602 17403 1.6 18 11 9 16  2% 219097 44152 140%
c } 3085.90 163 42 19 606  2 95418 18543 1.6 18 11 9 16  2% 219097 44152 140%
c [ 3085.90 163 60 19 606  1 95418 18543 1.4 25 18 10 19  1% 219097 44152 140%
c W 3235.26 163 55 19 609  1 102148 23632 1.4 25 18 10 19  1% 219097 44152 140%
c - 3260.98 163 54 20 610  1 103855 21871 1.4 25 18 10 19  1% 219097 44152 140%
c f 3261.73 163 54 20 610  1 103855 21871 1.4 25 18 10 19  1% 216776 45104 143%
c ] 3376.56 163 48 20 616  1 111606 27654 1.4 25 17 10 19  1% 216776 45104 143%
c { 3376.56 163 42 20 616  2 111606 27654 1.6 18 11 9 16  2% 216776 45104 143%
c - 3451.40 164 40 21 697  2 114655 26188 1.7 18 11 9 16  2% 216776 45104 143%
c s 3581.81 164 37 21 856  2 120523 27048 1.7 18 11 9 16  2% 216712 45104 143%
c e 3582.51 164 37 21 856  2 120523 26898 1.7 18 11 9 16  2% 217006 44412 141%
c s 3583.24 164 37 21 856  2 120523 26547 1.7 18 11 9 16  2% 216991 44412 141%
c e 3583.44 164 37 21 856  2 120523 26547 1.7 18 11 9 16  2% 216922 44387 141%
c - 3675.98 164 35 22 915  2 125967 27589 1.7 18 11 9 16  2% 216922 44387 141%
c } 3831.00 164 31 22 991  2 135694 33786 1.6 17 11 9 16  2% 216922 44387 141%
c [ 3831.00 164 48 22 991  1 135694 33786 1.4 25 17 10 19  1% 216922 44387 141%
c autarky applied
c a 3839.84 164 48 22 991  1 136250 34122 1.4 25 17 9 18  1% 213550 43601 138%
c O 3839.95 164 48 22 991  1 136251 34123 1.4 25 17 9 18  1% 213550 43601 138%
c - 3862.51 164 47 23 991  1 137822 32588 1.4 25 17 9 18  1% 213550 43601 138%
c 
c   seconds    reductions  conflicts         size   tier2         variables
c            MB     restarts      redundant     glue    trail          remaining
c             level      rate          size/glue  tier1   irredundant
c 
c u 3864.14 164 47 23 991  1 137822 31409 1.4 25 17 9 18  1% 213550 43601 138%
c v 3864.27 164 47 23 991  1 137822 30178 1.4 25 17 9 18  1% 213550 43601 138%
c x 3864.52 164 47 23 991  1 137822 30178 1.4 25 17 9 18  1% 213483 43601 138%
c f 3865.21 164 47 23 991  1 137822 30178 1.4 25 17 9 18  1% 211439 44431 141%
c B 4004.85 164 44 23 992  1 147269 36896 1.4 24 17 9 18  1% 211439 44431 141%
c - 4046.89 164 43 24 993  1 150162 34066 1.4 25 17 9 18  1% 211439 44431 141%
c ] 4122.54 164 41 24 993  1 155222 37621 1.4 25 17 9 18  1% 211439 44431 141%
c { 4122.54 164 31 24 993  2 155222 37621 1.6 17 11 9 16  2% 211439 44431 141%
c s 4159.12 164 31 24 1018  2 157148 32106 1.6 17 10 9 16  2% 211428 44431 141%
c e 4159.85 164 31 24 1018  2 157148 32003 1.6 17 10 9 16  2% 211663 43902 139%
c s 4160.61 164 31 24 1018  2 157148 31143 1.6 17 10 9 16  2% 211632 43902 139%
c e 4160.82 164 31 24 1018  2 157148 31143 1.6 17 10 9 16  2% 211629 43898 139%
c - 4287.58 164 29 25 1149  2 163001 32958 1.6 17 10 9 16  2% 211629 43898 139%
c f 4288.33 164 29 25 1149  2 163001 32958 1.6 17 10 9 16  2% 210409 44398 141%
c - 4530.81 164 26 26 1378  2 176380 39328 1.6 16 10 9 16  2% 210409 44398 141%
c } 4659.05 164 25 26 1511  2 184140 44157 1.6 16 10 9 16  2% 210409 44398 141%
c [ 4659.05 164 41 26 1511  1 184140 44157 1.4 25 17 9 18  1% 210409 44398 141%
c W 4803.47 164 40 26 1511  1 188213 46916 1.4 24 17 9 18  1% 210409 44398 141%
c - 4834.95 164 40 27 1511  1 190270 45288 1.4 24 17 9 18  1% 210409 44398 141%
c s 4949.67 164 38 27 1515  1 197996 40816 1.4 24 17 9 18  1% 210379 44398 141%
c 
c   seconds    reductions   conflicts         size   tier2         variables
c            MB     restarts       redundant     glue    trail          remaining
c             level       rate          size/glue  tier1   irredundant
c 
c e 4950.21 164 38 27 1515  1 197996 40785 1.4 24 17 9 18  1% 210467 44133 140%
c s 4951.29 164 38 27 1515  1 197996 38916 1.4 24 17 9 18  1% 210458 44133 140%
c e 4951.50 164 38 27 1515  1 197996 38916 1.4 24 17 9 18  1% 210456 44130 140%
c I 5001.15 164 37 27 1517  1 201234 41387 1.4 24 17 9 18  1% 210456 44130 140%
c - 5057.79 164 38 28 1518  1 204696 38885 1.4 25 17 8 17  1% 210456 44130 140%
c f 5059.22 164 38 28 1518  1 204696 38885 1.4 25 17 8 17  1% 209281 44644 142%
c ] 5087.37 164 38 28 1519  1 206372 40231 1.4 25 18 8 17  1% 209281 44644 142%
c { 5087.37 164 25 28 1519  2 206372 40231 1.6 16 10 9 16  2% 209281 44644 142%
c - 5321.36 164 23 29 1806  2 219663 46109 1.6 16 10 9 16  2% 209281 44644 142%
c - 5637.39 164 21 30 2254  2 235137 51913 1.6 15 10 9 16  2% 209281 44644 142%
c f 5638.79 164 21 30 2254  2 235137 51913 1.6 15 10 9 16  2% 208921 44811 142%
c } 5709.90 164 21 30 2290  2 239554 54716 1.6 15 10 9 16  2% 208921 44811 142%
c [ 5709.90 164 38 30 2290  1 239554 54716 1.4 25 18 8 17  1% 208921 44811 142%
c s 5767.38 164 38 30 2292  1 243074 46817 1.4 26 18 8 17  1% 208915 44811 142%
c e 5767.91 164 38 30 2292  1 243074 46816 1.4 26 18 8 17  1% 209006 44614 142%
c s 5769.40 164 38 30 2292  1 243074 45606 1.4 26 18 8 17  1% 209003 44614 142%
c B 5851.49 164 39 30 2296  1 248438 49482 1.4 27 19 8 17  1% 209003 44614 142%
c - 5892.50 164 39 31 2296  1 251146 45526 1.4 27 19 8 17  1% 209003 44614 142%
c u 5893.51 164 39 31 2296  1 251146 45352 1.4 27 19 8 17  1% 209003 44614 142%
c v 5893.68 164 39 31 2296  1 251146 45312 1.4 27 19 8 17  1% 209003 44614 142%
c 
c   seconds    reductions   conflicts         size   tier2         variables
c            MB     restarts       redundant     glue    trail          remaining
c             level       rate          size/glue  tier1   irredundant
c 
c w 5893.68 164 39 31 2296  1 251146 45312 1.4 27 19 8 17  1% 209003 44614 142%
c W 6169.82 164 36 31 2300  1 263454 54468 1.4 26 19 8 17  1% 209003 44614 142%
c ] 6170.04 164 36 31 2300  1 263460 54474 1.4 26 19 8 17  1% 209003 44614 142%
c { 6170.04 164 21 31 2300  2 263460 54474 1.6 15 10 9 16  2% 209003 44614 142%
c - 6250.51 164 20 32 2460  2 267685 35683 1.6 15 10 7 9  2% 209003 44614 142%
c f 6251.31 164 20 32 2460  2 267685 35669 1.6 15 10 7 9  2% 208515 44846 142%
c - 6554.16 164 19 33 2881  2 284761 38260 1.5 15 10 7 9  2% 208515 44846 142%
c s 6689.03 164 18 33 3150  1 292090 34755 1.5 15 10 7 9  2% 208515 44846 142%
c e 6689.46 164 18 33 3150  1 292090 34557 1.5 15 10 7 9  2% 208555 44769 142%
c s 6690.22 164 18 33 3150  1 292090 33768 1.5 15 10 7 9  2% 208555 44769 142%
c - 6875.25 164 17 34 3512  1 302359 34418 1.5 14 10 7 9  2% 208555 44769 142%
c f 6876.48 164 17 34 3512  1 302359 34404 1.5 14 10 7 9  2% 208271 44905 143%
c } 6929.64 164 17 34 3581  1 305520 36523 1.5 14 10 7 9  2% 208271 44905 143%
c [ 6929.64 164 36 34 3581  1 305520 36523 1.4 26 19 8 17  1% 208271 44905 143%
c - 7163.10 164 35 35 3590  1 320495 39248 1.4 26 18 8 17  1% 208271 44905 143%
c F 7179.86 164 35 35 3591  1 321533 40060 1.4 26 18 8 17  1% 208271 44905 143%
c ] 7438.01 164 34 35 3594  1 337733 52286 1.4 27 19 8 17  1% 208271 44905 143%
c { 7438.01 164 17 35 3594  1 337733 52286 1.5 14 10 7 9  2% 208271 44905 143%
c - 7465.21 164 17 36 3631  1 339158 42102 1.5 14 10 7 9  2% 208271 44905 143%
c f 7466.03 164 17 36 3631  1 339158 42068 1.5 14 10 7 9  2% 208072 45015 143%
c 
c   seconds    reductions   conflicts         size  tier2        variables
c            MB     restarts       redundant     glue  trail          remaining
c             level       rate          size/glue tier1  irredundant
c 
c s 7578.36 164 17 36 3859  1 345368 40129 1.5 14 9 7 9  2% 208072 45015 143%
c e 7578.79 164 17 36 3859  1 345368 40084 1.5 14 9 7 9  2% 208095 44923 143%
c s 7579.70 164 17 36 3859  1 345368 39385 1.5 14 9 7 9  2% 208095 44923 143%
c ^ 7579.85 164 17 36 3859  1 345368 39385 1.5 14 9 7 9  2% 208095 44923 143%
c - 7825.01 164 16 37 4283  1 358356 41680 1.5 14 9 7 9  2% 208095 44923 143%
c u 7825.58 164 16 37 4283  1 358356 41525 1.5 14 9 7 9  2% 208095 44923 143%
c v 7825.70 164 16 37 4283  1 358356 41484 1.5 14 9 7 9  2% 208095 44923 143%
c w 7825.71 164 16 37 4283  1 358356 41484 1.5 14 9 7 9  2% 208095 44923 143%
c x 7825.98 164 16 37 4283  1 358356 41484 1.5 14 9 7 9  2% 208026 44923 143%
c 2 7826.16 164 16 37 4283  1 358356 41484 1.5 14 9 7 9  2% 208025 44923 143%
c - 8230.08 164 16 38 5032  1 378083 48908 1.5 14 9 7 9  2% 208025 44923 143%
c f 8231.44 164 16 38 5032  1 378083 48892 1.5 14 9 7 9  2% 208000 44936 143%
c } 8454.08 164 15 38 5359  1 389037 55833 1.5 14 9 7 9  2% 208000 44936 143%
c [ 8454.08 164 34 38 5359  1 389037 55833 1.4 27 19 8 17  1% 208000 44936 143%
c B 8468.81 164 34 38 5359  1 389869 56505 1.4 27 19 8 17  1% 208000 44936 143%
c - 8600.36 164 34 39 5359  1 398346 54423 1.4 27 19 8 17  1% 208000 44936 143%
c s 8674.41 164 33 39 5359  1 402878 47702 1.4 27 19 8 17  1% 207999 44936 143%
c e 8676.33 164 33 39 5359  1 402878 42020 1.4 27 19 8 17  1% 218595 39485 125%
c s 8677.69 164 33 39 5359  1 402878 41361 1.4 27 19 8 17  1% 218491 39485 125%
c e 8677.98 164 33 39 5359  1 402878 41361 1.4 27 19 8 17  1% 218494 39471 125%
c 
c   seconds    reductions   conflicts         size   tier2         variables
c            MB     restarts       redundant     glue    trail          remaining
c             level       rate          size/glue  tier1   irredundant
c 
c W 8887.59 164 33 39 5360  1 407894 45063 1.5 27 18 8 17  1% 218494 39471 125%
c - 9027.08 164 33 40 5360  1 419143 41998 1.4 27 19 8 17  1% 218494 39471 125%
c f 9028.24 164 33 40 5360  1 419143 41996 1.4 27 19 8 17  1% 213228 41021 130%
c ] 9125.60 164 33 40 5360  1 426745 47688 1.4 27 19 8 17  1% 213228 41021 130%
c { 9125.60 164 15 40 5360  1 426745 47688 1.5 14 9 7 9  2% 213228 41021 130%
c - 9382.25 168 15 41 5901  1 440823 46688 1.5 14 9 7 9  2% 213228 41021 130%
c - 9762.64 179 15 42 6660  2 462882 54503 1.5 14 9 7 9  2% 213228 41021 130%
c f 9763.52 179 15 42 6660  2 462882 54503 1.5 14 9 7 9  2% 212254 41323 131%
c s 9928.63 179 14 42 7011  2 472006 51686 1.5 13 9 7 8  2% 212120 41323 131%
c e 9929.64 179 14 42 7011  2 472006 51522 1.5 13 9 7 8  2% 213376 40390 128%
c s 9931.23 179 14 42 7011  2 472006 50865 1.5 13 9 7 8  2% 213326 40390 128%
c e 9931.48 179 14 42 7011  2 472006 50865 1.5 13 9 7 8  2% 213324 40385 128%
c } 10101.31 179 14 42 7247  1 483269 57694 1.5 13 9 7 8  2% 213324 40385 128%
c [ 10101.31 179 33 42 7247  1 483269 57694 1.4 27 19 8 17  1% 213324 40385 128%
c # 10104.50 179 33 42 7247  1 483444 57828 1.4 27 19 8 17  1% 213324 40385 128%
c - 10132.99 190 33 43 7247  1 485482 50545 1.4 27 19 8 17  1% 213324 40385 128%
c u 10134.01 190 33 43 7247  1 485482 50286 1.4 27 19 8 17  1% 213324 40385 128%
c v 10134.22 190 33 43 7247  1 485482 49433 1.4 27 19 8 17  1% 213324 40385 128%
c w 10134.22 190 33 43 7247  1 485482 49433 1.4 27 19 8 17  1% 213324 40385 128%
c B 10373.95 190 31 43 7254  1 503474 62327 1.4 26 18 8 17  1% 213324 40385 128%
c 
c   seconds     reductions   conflicts         size   tier2         variables
c             MB     restarts       redundant     glue    trail          remaining
c              level       rate          size/glue  tier1   irredundant
c 
c - 10442.88 190 32 44 7257  1 508633 52995 1.4 27 19 8 17  1% 213324 40385 128%
c f 10444.03 190 32 44 7257  1 508633 52995 1.4 27 19 8 17  1% 211378 40971 130%
c ] 10645.24 190 31 44 7262  1 523946 64419 1.4 26 18 8 17  1% 211378 40971 130%
c { 10645.24 190 14 44 7262  1 523946 64419 1.5 13 9 7 8  2% 211378 40971 130%
c - 10813.93 190 14 45 7688  2 532328 57292 1.5 13 9 7 8  2% 211378 40971 130%
c f 10814.78 190 14 45 7688  2 532328 57292 1.5 13 9 7 8  2% 211031 41079 130%
c s 11080.67 190 14 45 8338  2 544041 54667 1.5 13 9 7 8  2% 211010 41079 130%
c e 11081.34 190 14 45 8338  2 544041 54661 1.5 13 9 7 8  2% 211385 40792 129%
c s 11083.10 190 14 45 8338  2 544041 53950 1.5 13 9 7 8  2% 211360 40792 129%
c e 11083.33 190 14 45 8338  2 544041 53950 1.5 13 9 7 8  2% 211357 40789 129%
c - 11280.67 190 14 46 8709  2 556501 53624 1.4 13 9 7 8  2% 211357 40789 129%
c - 11652.53 190 13 47 9357  1 581213 60975 1.4 13 9 7 8  2% 211357 40789 129%
c f 11654.16 190 13 47 9357  1 581213 60975 1.4 13 9 7 8  2% 210573 41026 130%
c } 11679.90 190 13 47 9363  1 583115 62030 1.4 13 9 7 8  2% 210573 41026 130%
c [ 11679.90 190 31 47 9363  1 583115 62030 1.4 26 18 8 17  1% 210573 41026 130%
c W 11886.03 190 31 47 9363  1 583657 62468 1.4 26 18 8 17  1% 210573 41026 130%
c O 12183.57 190 30 47 9376  1 605680 78970 1.5 26 18 7 16  1% 210573 41026 130%
c - 12194.37 190 30 48 9376  1 606469 65453 1.5 26 18 7 16  1% 210573 41026 130%
c u 12195.23 190 30 48 9376  1 606469 65224 1.5 26 18 7 16  1% 210573 41026 130%
c v 12195.46 190 30 48 9376  1 606469 63116 1.5 26 18 7 16  1% 210573 41026 130%
c 
c   seconds     reductions   conflicts         size   tier2         variables
c             MB     restarts       redundant     glue    trail          remaining
c              level       rate          size/glue  tier1   irredundant
c 
c w 12195.47 190 30 48 9376  1 606469 63092 1.5 26 18 7 16  1% 210573 41026 130%
c f 12196.02 190 30 48 9376  1 606469 63092 1.5 26 18 7 16  1% 210381 41086 130%
c s 12379.33 190 29 48 9379  1 619991 62878 1.5 26 17 7 16  1% 210373 41086 130%
c e 12379.88 190 29 48 9379  1 619991 62665 1.5 26 17 7 16  1% 210584 40921 130%
c s 12381.52 190 29 48 9379  1 619991 61485 1.5 26 17 7 16  1% 210581 40921 130%
c ] 12473.25 190 29 48 9379  1 626762 66794 1.5 26 17 7 16  1% 210581 40921 130%
c { 12473.25 190 13 48 9379  1 626762 66794 1.4 13 9 7 8  2% 210581 40921 130%
c - 12558.65 190 13 49 9549  1 632235 57088 1.4 13 9 7 8  2% 210581 40921 130%
c f 12560.12 190 13 49 9549  1 632235 57084 1.4 13 9 7 8  2% 210279 41016 130%
c - 13106.47 190 13 50 11147  2 658543 64560 1.4 13 9 7 8  2% 210279 41016 130%
c - 13694.82 190 14 51 12716  2 685381 72907 1.4 13 9 7 8  2% 210279 41016 130%
c f 13695.87 190 14 51 12716  2 685381 72907 1.4 13 9 7 8  2% 210219 41036 130%
c } 13946.10 190 13 51 13164  2 699451 81410 1.4 13 9 7 8  2% 210219 41036 130%
c [ 13946.10 190 29 51 13164  1 699451 81410 1.5 26 17 7 16  1% 210219 41036 130%
c s 13961.35 190 29 51 13164  1 700350 69747 1.5 26 17 7 16  1% 210219 41036 130%
c e 13961.87 190 29 51 13164  1 700350 69568 1.5 26 17 7 16  1% 210281 40987 130%
c s 13964.32 190 29 51 13164  1 700350 68341 1.5 26 17 7 16  1% 210281 40987 130%
c ^ 13964.48 190 29 51 13164  1 700350 68341 1.5 26 17 7 16  1% 210281 40987 130%
c B 13978.64 190 29 51 13164  1 701389 69183 1.5 26 17 7 16  1% 210281 40987 130%
c - 14128.19 190 28 52 13168  1 712761 65612 1.5 25 17 7 16  1% 210281 40987 130%
c 
c   seconds     reductions    conflicts         size   tier2         variables
c             MB      restarts       redundant     glue    trail          remaining
c              level        rate          size/glue  tier1   irredundant
c 
c u 14128.83 190 28 52 13168  1 712761 65469 1.5 25 17 7 16  1% 210281 40987 130%
c v 14128.97 190 28 52 13168  1 712761 65410 1.5 25 17 7 16  1% 210281 40987 130%
c w 14128.97 190 28 52 13168  1 712761 65410 1.5 25 17 7 16  1% 210281 40987 130%
c x 14129.24 190 28 52 13168  1 712761 65410 1.5 25 17 7 16  1% 210278 40987 130%
c f 14129.71 190 28 52 13168  1 712761 65410 1.5 25 17 7 16  1% 210268 40989 130%
c W 14473.00 190 27 52 13175  1 725413 74599 1.5 25 17 7 16  1% 210268 40989 130%
c - 14674.54 190 26 53 13179  1 740680 68903 1.5 25 17 7 15  1% 210268 40989 130%
c ] 14776.82 190 26 53 13185  1 748326 74945 1.5 25 17 7 15  1% 210268 40989 130%
c { 14776.82 190 13 53 13185  2 748326 74945 1.4 13 9 7 8  2% 210268 40989 130%
c - 15222.33 190 14 54 14198  2 769140 75301 1.5 13 9 7 8  2% 210268 40989 130%
c s 15480.91 190 13 54 14619  2 785277 74276 1.5 13 9 7 8  2% 210268 40989 130%
c e 15483.11 190 13 54 14619  2 785277 55532 1.5 13 9 7 8  2% 231792 34340 109%
c s 15485.28 190 13 54 14619  2 785277 54702 1.5 13 9 7 8  2% 231720 34340 109%
c e 15485.65 190 13 54 14619  2 785277 54702 1.5 13 9 7 8  2% 231727 34332 109%
c - 15664.90 153 13 55 15216  2 798142 55125 1.4 13 9 7 8  2% 231727 34332 109%
c - 16197.79 153 13 56 16913  2 828628 65517 1.5 13 9 7 8  2% 231727 34332 109%
c f 16198.88 153 13 56 16913  2 828628 65517 1.5 13 9 7 8  2% 225991 35300 112%
c } 16323.47 153 13 56 17221  2 837325 70906 1.5 13 9 7 8  2% 225991 35300 112%
c [ 16323.47 153 26 56 17221  1 837325 70906 1.5 25 17 7 15  2% 225991 35300 112%
c I 16348.05 153 26 56 17222  1 839451 72495 1.5 25 17 7 15  2% 225991 35300 112%
c 
c   seconds     reductions    conflicts         size   tier2         variables
c             MB      restarts       redundant     glue    trail          remaining
c              level        rate          size/glue  tier1   irredundant
c 
c - 16582.08 161 28 57 17230  1 859690 71745 1.5 26 18 7 15  2% 225991 35300 112%
c u 16583.70 173 28 57 17230  1 859690 71312 1.5 26 18 7 15  2% 225991 35300 112%
c v 16583.94 173 28 57 17230  1 859690 70390 1.5 26 18 7 15  2% 225991 35300 112%
c w 16583.94 173 28 57 17230  1 859690 70390 1.5 26 18 7 15  2% 225991 35300 112%
c f 16584.63 173 28 57 17230  1 859690 70390 1.5 26 18 7 15  2% 223938 35653 113%
c B 16653.90 173 29 57 17231  1 865482 74889 1.5 27 18 7 15  2% 223938 35653 113%
c s 16932.05 173 29 57 17232  1 889961 85602 1.5 27 19 7 15  2% 223896 35653 113%
c t 16932.32 173 29 57 17232  1 889961 85602 1.5 27 19 7 15  2% 223886 35653 113%
c e 16933.23 173 29 57 17232  1 889961 81419 1.5 27 19 7 15  2% 226321 34734 110%
c s 16935.90 173 29 57 17232  1 889961 80838 1.5 27 19 7 15  2% 226237 34734 110%
c e 16936.17 173 29 57 17232  1 889961 80838 1.5 27 19 7 15  2% 226237 34723 110%
c - 16949.35 174 29 58 17232  1 891078 60455 1.5 27 19 7 15  2% 226237 34723 110%
c f 16951.50 176 29 58 17232  1 891078 60456 1.5 27 19 7 15  2% 223173 35232 112%
c W 17161.14 176 30 58 17232  1 892516 61628 1.5 27 19 7 15  1% 223173 35232 112%
c ] 17211.59 176 31 58 17232  1 896775 65298 1.5 28 19 7 15  2% 223173 35232 112%
c { 17211.59 176 13 58 17232  2 896775 65298 1.5 13 9 7 8  2% 223173 35232 112%
c - 17659.57 176 13 59 18578  2 923046 67405 1.5 13 9 7 8  2% 223173 35232 112%
c t 17660.00 176 13 59 18578  2 923046 67405 1.5 13 9 7 8  2% 223156 35232 112%
c - 18191.29 176 13 60 20174  2 955439 77167 1.5 13 9 7 8  2% 223156 35232 112%
c f 18192.38 176 13 60 20174  2 955439 77167 1.5 13 9 7 8  2% 221472 35534 113%
c 
c   seconds     reductions    conflicts         size  tier2        variables
c             MB      restarts       redundant     glue  trail          remaining
c              level        rate          size/glue tier1  irredundant
c 
c - 18662.23 178 13 61 21482  2 988395 86977 1.5 13 9 7 8  2% 221472 35534 113%
c u 18663.00 178 13 61 21482  2 988395 86634 1.5 13 9 7 8  2% 221472 35534 113%
c v 18663.22 178 13 61 21482  2 988395 85898 1.5 13 9 7 8  2% 221472 35534 113%
c w 18663.22 178 13 61 21482  2 988395 85898 1.5 13 9 7 8  2% 221472 35534 113%
c f 18663.82 178 13 61 21482  2 988395 85898 1.5 13 9 7 8  2% 220928 35635 113%
c } 18736.19 178 13 61 21648  2 993697 89196 1.5 13 9 7 8  2% 220928 35635 113%
c [ 18736.19 178 31 61 21648  1 993697 89196 1.5 28 19 7 15  1% 220928 35635 113%
c s 18792.87 178 33 61 21648  1 998116 75550 1.5 29 20 7 15  2% 220888 35635 113%
c e 18793.74 178 33 61 21648  1 998116 74575 1.5 29 20 7 15  2% 222192 35159 112%
c s 18797.01 178 33 61 21648  1 998116 73230 1.5 29 20 7 15  2% 222171 35159 112%
c autarky applied
c a 19026.39 185 35 61 21649  1 1017481 88048 1.4 31 22 7 15  2% 221949 35111 111%
c F 19026.50 185 35 61 21649  1 1017482 88049 1.4 31 22 7 15  2% 221949 35111 111%
c - 19077.88 185 34 62 21649  1 1021831 72050 1.4 30 21 7 15  2% 221949 35111 111%
c f 19078.89 185 34 62 21649  1 1021831 72050 1.4 30 21 7 15  2% 220303 35397 112%
c B 19368.25 185 32 62 21649  1 1046506 90355 1.4 29 20 7 15  2% 220303 35397 112%
c - 19481.49 185 34 63 21649  1 1055852 75181 1.4 29 21 7 16  1% 220303 35397 112%
c f 19482.61 185 34 63 21649  1 1055852 75179 1.4 29 21 7 16  1% 219471 35553 113%
c ] 19520.97 185 34 63 21649  1 1059012 77693 1.4 30 21 7 16  1% 219471 35553 113%
c { 19520.97 185 13 63 21649  2 1059012 77693 1.5 13 9 7 8  2% 219471 35553 113%
c - 19946.45 185 12 64 22820  1 1090353 83339 1.5 13 9 7 8  2% 219471 35553 113%
c 
c   seconds     reductions     conflicts         size  tier2        variables
c             MB      restarts        redundant     glue  trail          remaining
c              level        rate           size/glue tier1  irredundant
c 
c u 19947.26 185 12 64 22820  1 1090353 82277 1.5 13 9 7 8  2% 219471 35553 113%
c v 19947.48 185 12 64 22820  1 1090353 80013 1.5 13 9 7 8  2% 219471 35553 113%
c w 19947.49 185 12 64 22820  1 1090353 80013 1.5 13 9 7 8  2% 219471 35553 113%
c f 19948.14 185 12 64 22820  1 1090353 80013 1.5 13 9 7 8  2% 219103 35621 113%
c s 20225.63 185 12 64 23565  1 1109824 77829 1.4 12 9 7 8  2% 219100 35621 113%
c e 20226.32 185 12 64 23565  1 1109824 77163 1.4 12 9 7 8  2% 219785 35382 112%
c s 20229.53 185 12 64 23565  1 1109824 75697 1.4 12 9 7 8  2% 219780 35382 112%
c - 20510.33 191 12 65 24329  2 1125368 75956 1.5 13 9 7 8  2% 219780 35382 112%
c f 20511.43 191 12 65 24329  2 1125368 75956 1.5 13 9 7 8  2% 219212 35484 113%
c } 20962.02 191 12 65 25863  2 1150388 91172 1.4 13 9 7 8  2% 219212 35484 113%
c [ 20962.02 191 34 65 25863  1 1150388 91172 1.4 30 21 7 16  1% 219212 35484 113%
c - 21090.07 191 38 66 25863  1 1160958 86437 1.4 31 22 7 16  2% 219212 35484 113%
c f 21091.01 191 38 66 25863  1 1160958 86437 1.4 31 22 7 16  2% 218984 35528 113%
c W 21491.49 191 38 66 25863  1 1167927 92037 1.4 31 22 7 16  2% 218984 35528 113%
c - 21844.91 191 38 67 25878  1 1197078 90386 1.4 31 22 7 16  2% 218984 35528 113%
c t 21845.39 191 38 67 25878  1 1197078 90386 1.4 31 22 7 16  2% 218982 35528 113%
c f 21846.00 191 38 67 25878  1 1197078 90386 1.4 31 22 7 16  2% 218584 35603 113%
c # 21869.88 191 38 67 25878  1 1198962 91881 1.4 31 22 7 16  2% 218584 35603 113%
c ] 22113.85 191 35 67 25889  1 1219470 108000 1.4 30 21 7 16  2% 218584 35603 113%
c { 22113.85 191 12 67 25889  2 1219470 108000 1.4 13 9 7 8  2% 218584 35603 113%
c 
c   seconds     reductions     conflicts          size  tier2        variables
c             MB      restarts        redundant      glue  trail          remaining
c              level        rate            size/glue tier1  irredundant
c 
c s 22229.38 191 12 67 26124  2 1225764 103377 1.5 13 9 7 8  2% 218584 35603 113%
c e 22230.45 191 12 67 26124  2 1225764 102565 1.5 13 9 7 8  2% 218856 35492 113%
c s 22238.92 191 12 67 26124  2 1225764 101438 1.5 13 9 7 8  2% 218856 35492 113%
c - 22383.03 191 13 68 26587  2 1233742 87112 1.5 13 9 7 8  2% 218856 35492 113%
c u 22385.37 191 13 68 26587  2 1233742 86875 1.5 13 9 7 8  2% 218856 35492 113%
c v 22385.56 191 13 68 26587  2 1233742 86817 1.5 13 9 7 8  2% 218856 35492 113%
c w 22385.56 191 13 68 26587  2 1233742 86816 1.5 13 9 7 8  2% 218856 35492 113%
c x 22385.85 191 13 68 26587  2 1233742 86816 1.5 13 9 7 8  2% 218825 35492 113%
c f 22386.42 191 13 68 26587  2 1233742 86816 1.5 13 9 7 8  2% 218509 35549 113%
c - 23025.40 191 13 69 28536  2 1270955 97110 1.4 13 9 7 8  2% 218509 35549 113%
c f 23026.24 191 13 69 28536  2 1270955 97106 1.4 13 9 7 8  2% 218421 35566 113%
c - 23550.00 191 12 70 29829  2 1308706 107626 1.4 12 9 7 8  2% 218421 35566 113%
c f 23550.83 191 12 70 29829  2 1308706 107626 1.4 12 9 7 8  2% 218338 35582 113%
c } 23755.55 191 12 70 30273  1 1324094 115922 1.4 12 9 6 8  2% 218338 35582 113%
c [ 23755.55 191 35 70 30273  1 1324094 115922 1.4 30 21 7 16  2% 218338 35582 113%
c autarky applied
c a 23892.32 191 33 70 30277  1 1335627 123814 1.4 29 20 7 16  1% 218333 35581 113%
c B 23893.26 191 33 70 30277  1 1335628 123815 1.4 29 20 7 16  1% 218333 35581 113%
c s 24030.90 191 35 70 30278  1 1346488 111247 1.4 30 21 7 16  1% 218332 35581 113%
c e 24031.52 191 35 70 30278  1 1346488 109652 1.4 30 21 7 16  1% 218382 35502 113%
c s 24032.66 191 35 70 30278  1 1346488 109335 1.4 30 21 7 16  1% 218382 35502 113%
c 
c   seconds     reductions     conflicts          size   tier2         variables
c             MB      restarts        redundant      glue    trail          remaining
c              level        rate            size/glue  tier1   irredundant
c 
c ^ 24032.84 191 35 70 30278  1 1346488 109335 1.4 30 21 7 16  1% 218382 35502 113%
c - 24039.95 191 34 71 30278  1 1347008 71359 1.4 30 21 7 16  1% 218382 35502 113%
c u 24041.19 191 34 71 30278  1 1347008 71063 1.4 30 21 7 16  1% 218382 35502 113%
c v 24041.36 191 34 71 30278  1 1347008 70891 1.4 30 21 7 16  1% 218382 35502 113%
c w 24041.36 191 34 71 30278  1 1347008 70887 1.4 30 21 7 16  1% 218382 35502 113%
c f 24041.84 191 34 71 30278  1 1347008 70887 1.4 30 21 7 16  1% 218371 35503 113%
c W 24572.74 191 34 71 30285  1 1368688 87958 1.5 31 20 7 16  2% 218371 35503 113%
c - 24783.57 191 33 72 30293  1 1385867 71228 1.5 30 19 7 16  2% 218371 35503 113%
c ] 24978.71 191 33 72 30300  1 1401828 83012 1.5 30 20 7 16  2% 218371 35503 113%
c { 24978.71 191 12 72 30300  1 1401828 83012 1.4 12 9 6 8  2% 218371 35503 113%
c - 25407.98 191 12 73 31943  2 1425279 75618 1.4 12 9 6 8  2% 218371 35503 113%
c - 26046.10 191 12 74 33950  2 1465248 84607 1.4 12 9 6 8  2% 218371 35503 113%
c u 26046.83 191 12 74 33950  2 1465248 84188 1.4 12 9 6 8  2% 218371 35503 113%
c v 26047.03 191 12 74 33950  2 1465248 83750 1.4 12 9 6 8  2% 218371 35503 113%
c w 26047.04 191 12 74 33950  2 1465248 83750 1.4 12 9 6 8  2% 218371 35503 113%
c s 26169.01 191 12 74 34308  2 1472293 74050 1.4 12 9 6 8  2% 218371 35503 113%
c e 26171.85 191 12 74 34308  2 1472293 51130 1.4 12 9 6 8  2% 258452 28790 91%
c s 26173.96 191 12 74 34308  2 1472293 50376 1.4 12 9 6 8  2% 258283 28790 91%
c e 26174.51 191 12 74 34308  2 1472293 49804 1.4 12 9 6 8  2% 258079 28736 91%
c - 26519.20 191 12 75 35453  1 1505773 58636 1.4 12 9 6 8  2% 258079 28736 91%
c 
c   seconds     reductions     conflicts         size  tier2        variables
c             MB      restarts        redundant     glue  trail          remaining
c              level        rate           size/glue tier1  irredundant
c 
c f 26520.28 191 12 75 35453  1 1505773 58636 1.4 12 9 6 8  2% 253167 29169 93%
c } 26772.14 191 12 75 36443  1 1529798 71544 1.4 12 9 6 7  2% 253167 29169 93%
c [ 26772.14 191 33 75 36443  1 1529798 71544 1.5 30 20 7 16  2% 253167 29169 93%
c O 26782.12 191 33 75 36443  1 1530718 72240 1.5 30 20 7 16  2% 253167 29169 93%
c - 26945.56 191 31 76 36451  1 1549081 64399 1.5 28 19 7 16  2% 253167 29169 93%
c t 26946.01 191 31 76 36451  1 1549081 64399 1.5 28 19 7 16  2% 253153 29169 93%
c f 26946.71 191 31 76 36451  1 1549081 64399 1.5 28 19 7 16  2% 249849 29468 94%
c B 27109.58 191 30 76 36452  1 1565763 77044 1.5 28 19 7 16  2% 249849 29468 94%
c - 27379.59 191 63 77 36453  1 1592749 65174 1.5 30 20 7 16  3% 249849 29468 94%
c u 27380.88 191 63 77 36453  1 1592749 64820 1.5 30 20 7 16  3% 249849 29468 94%
c v 27381.09 191 63 77 36453  1 1592749 64703 1.5 30 20 7 16  3% 249849 29468 94%
c w 27381.18 191 63 77 36453  1 1592749 64658 1.5 30 20 7 16  3% 249849 29468 94%
c f 27381.99 191 63 77 36453  1 1592749 64658 1.5 30 20 7 16  3% 246337 29772 95%
c W 27749.96 191 61 77 36454  1 1601796 71902 1.5 32 21 7 16  3% 246337 29772 95%
c ] 28021.91 191 62 77 36468  1 1630406 92087 1.5 30 20 7 16  3% 246337 29772 95%
c { 28021.91 191 12 77 36468  1 1630406 92087 1.4 12 9 6 7  2% 246337 29772 95%
c s 28028.05 191 12 77 36499  1 1630640 78926 1.4 12 9 6 7  2% 246154 29772 95%
c e 28029.52 191 12 77 36499  1 1630640 72975 1.4 12 9 6 7  2% 250074 29067 92%
c s 28031.53 191 12 77 36499  1 1630640 71882 1.4 12 9 6 7  2% 250012 29067 92%
c e 28031.84 191 12 77 36499  1 1630640 71882 1.4 12 9 6 7  2% 250031 29058 92%
c 
c   seconds     reductions     conflicts         size  tier2        variables
c             MB      restarts        redundant     glue  trail          remaining
c              level        rate           size/glue tier1  irredundant
c 
c - 28096.83 191 12 78 36670  1 1636848 51674 1.4 12 9 6 7  2% 250031 29058 92%
c f 28098.02 191 12 78 36670  1 1636848 51672 1.4 12 9 6 7  2% 245996 29429 93%
c - 28626.46 191 11 79 38830  1 1681562 61381 1.4 12 9 6 7  2% 245996 29429 93%
c t 28627.54 191 11 79 38830  1 1681562 61381 1.4 12 9 6 7  2% 245994 29429 93%
c f 28628.12 191 11 79 38830  1 1681562 61381 1.4 12 9 6 7  2% 244798 29541 94%
c - 29242.44 191 12 80 41335  1 1726656 72139 1.4 12 9 6 7  2% 244798 29541 94%
c f 29244.13 191 12 80 41335  1 1726656 72139 1.4 12 9 6 7  2% 243336 29680 94%
c - 29783.46 191 12 81 43212  1 1772278 80134 1.4 12 9 6 7  2% 243336 29680 94%
c u 29784.38 191 12 81 43212  1 1772278 79647 1.4 12 9 6 7  2% 243336 29680 94%
c v 29784.67 191 12 81 43212  1 1772278 77917 1.4 12 9 6 7  2% 243336 29680 94%
c w 29784.67 191 12 81 43212  1 1772278 77916 1.4 12 9 6 7  2% 243336 29680 94%
c f 29785.37 191 12 81 43212  1 1772278 77916 1.4 12 9 6 7  2% 242168 29796 95%
c } 29862.10 191 11 81 43456  1 1779278 81665 1.4 12 9 6 7  2% 242168 29796 95%
c [ 29862.10 191 62 81 43456  1 1779278 81665 1.5 30 20 7 16  3% 242168 29796 95%
c I 29945.01 191 60 81 43459  1 1787716 87963 1.5 30 20 7 16  3% 242168 29796 95%
c s 29989.68 191 58 81 43462  1 1792106 70212 1.5 29 20 7 16  3% 242127 29796 95%
c e 29990.84 191 58 81 43462  1 1792106 64640 1.5 29 20 7 16  3% 245292 29289 93%
c s 29993.05 191 58 81 43462  1 1792106 62367 1.5 29 20 7 16  3% 245251 29289 93%
c e 29993.32 191 58 81 43462  1 1792106 62367 1.5 29 20 7 16  3% 245243 29285 93%
c - 30247.77 191 50 82 43472  1 1818415 56309 1.5 28 19 7 16  3% 245243 29285 93%
c 
c   seconds     reductions     conflicts         size   tier2         variables
c             MB      restarts        redundant     glue    trail          remaining
c              level        rate           size/glue  tier1   irredundant
c 
c f 30249.07 191 50 82 43472  1 1818415 56309 1.5 28 19 7 16  3% 242265 29566 94%
c B 30321.96 191 48 82 43472  1 1825754 62241 1.5 28 19 7 16  3% 242265 29566 94%
c W 31133.72 191 145 82 43487  1 1864801 93280 1.7 31 18 7 17  5% 242265 29566 94%
c - 31138.93 191 145 83 43487  1 1865261 60263 1.7 31 19 7 17  5% 242265 29566 94%
c p 31139.50 191 145 83 43487  1 1865261 60265 1.7 31 19 7 17  5% 242265 29566 94%
c u 31140.19 191 145 83 43487  1 1865261 60040 1.7 31 19 7 17  5% 242265 29566 94%
c v 31140.33 191 145 83 43487  1 1865261 59963 1.7 31 19 7 17  5% 242265 29566 94%
c w 31140.38 191 145 83 43487  1 1865261 59946 1.7 31 19 7 17  5% 242265 29566 94%
c x 31140.61 191 145 83 43487  1 1865261 59946 1.7 31 19 7 17  5% 242195 29566 94%
c f 31141.71 191 145 83 43487  1 1865261 59946 1.7 31 19 7 17  5% 240416 29744 94%
c ] 31245.38 191 135 83 43493  1 1874993 67900 1.7 31 19 7 17  5% 240416 29744 94%
c { 31245.38 191 11 83 43493  1 1874993 67900 1.4 12 9 6 7  2% 240416 29744 94%
c - 31764.69 191 12 84 45638  1 1912525 65380 1.5 13 9 6 7  2% 240416 29744 94%
c f 31765.70 191 12 84 45638  1 1912525 65380 1.5 13 9 6 7  2% 239839 29803 95%
c s 32403.37 191 12 84 48182  2 1957670 79848 1.5 13 9 6 7  2% 239813 29803 95%
c t 32403.75 191 12 84 48182  2 1957670 79848 1.5 13 9 6 7  2% 239812 29803 95%
c e 32404.60 191 12 84 48182  2 1957670 78827 1.5 13 9 6 7  2% 241550 29500 94%
c s 32408.30 191 12 84 48182  2 1957670 77501 1.5 13 9 6 7  2% 241521 29500 94%
c e 32408.57 191 12 84 48182  2 1957670 77501 1.5 13 9 6 7  2% 241547 29495 94%
c - 32449.59 191 12 85 48313  2 1960272 60294 1.5 13 9 6 7  2% 241547 29495 94%
c 
c   seconds     reductions     conflicts         size  tier2        variables
c             MB      restarts        redundant     glue  trail          remaining
c              level        rate           size/glue tier1  irredundant
c 
c f 32450.56 191 12 85 48313  2 1960272 60294 1.5 13 9 6 7  2% 240505 29595 94%
c - 33073.73 191 12 86 50487  2 2008680 72211 1.5 13 9 6 7  2% 240505 29595 94%
c u 33074.55 191 12 86 50487  2 2008680 71925 1.5 13 9 6 7  2% 240505 29595 94%
c v 33074.75 191 12 86 50487  2 2008680 71306 1.5 13 9 6 7  2% 240505 29595 94%
c w 33074.75 191 12 86 50487  2 2008680 71306 1.5 13 9 6 7  2% 240505 29595 94%
c f 33075.46 191 12 86 50487  2 2008680 71306 1.5 13 9 6 7  2% 239995 29649 94%
c } 33370.75 191 12 86 51507  1 2034215 85903 1.5 13 9 6 7  2% 239995 29649 94%
c [ 33370.75 191 135 86 51507  1 2034215 85903 1.7 31 19 7 17  5% 239995 29649 94%
c - 33602.02 191 112 87 51516  1 2057615 79779 1.6 29 18 7 17  4% 239995 29649 94%
c f 33603.29 191 112 87 51516  1 2057615 79779 1.6 29 18 7 17  4% 239238 29727 94%
c F 33670.62 191 107 87 51517  1 2064097 84798 1.6 30 18 7 17  4% 239238 29727 94%
c B 34098.52 191 96 87 51518  1 2105135 119910 1.5 39 26 7 18  5% 239238 29727 94%
c - 34127.56 191 98 88 51518  1 2107109 81173 1.5 39 26 7 18  5% 239238 29727 94%
c f 34129.75 191 98 88 51518  1 2107109 81174 1.5 39 26 7 18  5% 238638 29789 95%
c s 34389.91 191 91 88 51519  1 2127564 82445 1.5 40 26 7 18  5% 238593 29789 95%
c e 34390.66 191 91 88 51519  1 2127564 81711 1.5 40 26 7 18  5% 239483 29644 94%
c s 34393.52 191 91 88 51519  1 2127564 79950 1.5 40 26 7 18  5% 239456 29644 94%
c e 34393.76 191 91 88 51519  1 2127564 79950 1.5 40 26 7 18  5% 239472 29642 94%
c ] 34461.15 191 88 88 51519  1 2133868 85132 1.5 39 26 7 18  5% 239472 29642 94%
c { 34461.15 191 12 88 51519  1 2133868 85132 1.5 13 9 6 7  2% 239472 29642 94%
c 
c   seconds     reductions     conflicts         size  tier2        variables
c             MB      restarts        redundant     glue  trail          remaining
c              level        rate           size/glue tier1  irredundant
c 
c - 34799.88 191 12 89 53102  2 2157151 68850 1.5 13 9 6 7  2% 239472 29642 94%
c u 34800.88 191 12 89 53102  2 2157151 68436 1.5 13 9 6 7  2% 239472 29642 94%
c v 34801.19 191 12 89 53102  2 2157151 68325 1.5 13 9 6 7  2% 239472 29642 94%
c t 34801.30 191 12 89 53102  2 2157151 68325 1.5 13 9 6 7  2% 239457 29642 94%
c f 34801.98 191 12 89 53102  2 2157151 68325 1.5 13 9 6 7  2% 238524 29733 94%
c - 35576.38 191 12 90 56651  2 2207795 77476 1.5 13 9 6 7  2% 238524 29733 94%
c f 35577.34 191 12 90 56651  2 2207795 77476 1.5 13 9 6 7  2% 238393 29746 94%
c - 36324.73 191 12 91 59635  2 2258968 87618 1.5 13 9 6 7  2% 238393 29746 94%
c f 36326.46 191 12 91 59635  2 2258968 87618 1.5 13 9 6 7  2% 238250 29761 94%
c } 36834.62 191 12 91 61672  2 2294237 109517 1.5 13 9 6 7  2% 238250 29761 94%
c [ 36834.62 191 88 91 61672  1 2294237 109517 1.5 39 26 7 18  5% 238250 29761 94%
c s 36924.71 191 84 91 61672  1 2302387 97178 1.5 38 25 7 18  4% 238244 29761 94%
c e 36925.24 191 84 91 61672  1 2302387 97115 1.5 38 25 7 18  4% 238631 29700 94%
c s 36929.40 191 84 91 61672  1 2302387 94871 1.5 38 25 7 18  4% 238630 29700 94%
c W 37506.23 194 82 91 61672  1 2307545 98987 1.5 38 25 7 18  4% 238630 29700 94%
c - 37538.48 194 81 92 61672  1 2310718 75169 1.5 38 25 7 18  4% 238630 29700 94%
c u 37539.26 194 81 92 61672  1 2310718 74888 1.5 38 25 7 18  4% 238630 29700 94%
c v 37539.45 194 81 92 61672  1 2310718 74838 1.5 38 25 7 18  4% 238630 29700 94%
c w 37539.45 194 81 92 61672  1 2310718 74838 1.5 38 25 7 18  4% 238630 29700 94%
c x 37539.78 194 81 92 61672  1 2310718 74838 1.5 38 25 7 18  4% 238544 29700 94%
c 
c   seconds     reductions     conflicts         size   tier2         variables
c             MB      restarts        redundant     glue    trail          remaining
c              level        rate           size/glue  tier1   irredundant
c 
c t 37539.83 194 81 92 61672  1 2310718 74838 1.5 38 25 7 18  4% 238508 29700 94%
c f 37540.38 194 81 92 61672  1 2310718 74838 1.5 38 25 7 18  4% 238161 29734 94%
c # 37960.91 194 242 92 61673  1 2350611 106012 1.5 34 23 7 18  8% 238161 29734 94%
c - 38087.78 194 217 93 61673  1 2363075 78755 1.5 33 22 7 18  7% 238161 29734 94%
c f 38089.93 194 217 93 61673  1 2363075 78737 1.5 33 22 7 18  7% 237779 29776 95%
c B 38406.91 194 166 93 61673  1 2394673 102464 1.5 31 21 7 18  6% 237779 29776 95%
c ] 38522.38 194 151 93 61673  1 2406536 111802 1.5 31 21 7 18  5% 237779 29776 95%
c { 38522.38 194 12 93 61673  2 2406536 111802 1.5 13 9 6 7  2% 237779 29776 95%
c - 38659.83 194 12 94 62163  2 2415991 82126 1.5 13 9 6 7  2% 237779 29776 95%
c u 38660.74 194 12 94 62163  2 2415991 81788 1.5 13 9 6 7  2% 237779 29776 95%
c v 38660.95 194 12 94 62163  2 2415991 81704 1.5 13 9 6 7  2% 237779 29776 95%
c w 38660.95 194 12 94 62163  2 2415991 81704 1.5 13 9 6 7  2% 237779 29776 95%
c f 38661.55 194 12 94 62163  2 2415991 81704 1.5 13 9 6 7  2% 237655 29789 95%
c - 39411.17 194 12 95 65176  2 2469467 90050 1.5 14 9 6 7  2% 237655 29789 95%
c f 39411.92 194 12 95 65176  2 2469467 90032 1.5 14 9 6 7  2% 237625 29794 95%
c s 39588.65 194 12 95 65739  2 2482763 87105 1.5 13 9 6 7  2% 237615 29794 95%
c e 39589.29 194 12 95 65739  2 2482763 85700 1.5 13 9 6 7  2% 238019 29724 94%
c s 39593.71 194 12 95 65739  2 2482763 84360 1.5 13 9 6 7  2% 237986 29724 94%
c - 40142.05 194 12 96 67602  2 2523523 87731 1.5 14 9 6 7  2% 237986 29724 94%
c f 40142.90 194 12 96 67602  2 2523523 87731 1.5 14 9 6 7  2% 237751 29747 94%
c 
c   seconds     reductions     conflicts          size  tier2        variables
c             MB      restarts        redundant      glue  trail          remaining
c              level        rate            size/glue tier1  irredundant
c 
c } 40821.11 194 12 96 70164  2 2573975 118145 1.5 13 9 6 7  2% 237751 29747 94%
c [ 40821.11 194 151 96 70164  1 2573975 118145 1.5 31 21 7 18  5% 237751 29747 94%
c - 40862.25 194 146 97 70164  1 2578193 97488 1.5 31 21 7 18  5% 237751 29747 94%
c u 40863.04 194 146 97 70164  1 2578193 97264 1.5 31 21 7 18  5% 237751 29747 94%
c v 40863.21 194 146 97 70164  1 2578193 96969 1.5 31 21 7 18  5% 237751 29747 94%
c x 40863.49 194 146 97 70164  1 2578193 96969 1.5 31 21 7 18  5% 237750 29747 94%
c f 40863.94 194 146 97 70164  1 2578193 96965 1.5 31 21 7 18  5% 237714 29751 94%
c W 41520.50 194 115 97 70164  1 2607159 118252 1.5 29 19 7 18  4% 237714 29751 94%
c - 41783.86 194 99 98 70164  1 2633436 99964 1.5 31 21 7 18  4% 237714 29751 94%
c f 41785.04 194 99 98 70164  1 2633436 99946 1.5 31 21 7 18  4% 237645 29760 94%
c O 41984.05 194 86 98 70174  1 2653203 115348 1.5 30 21 7 18  3% 237645 29760 94%
c s 42142.30 194 77 98 70179  1 2668838 114793 1.5 29 20 7 18  3% 237621 29760 94%
c e 42142.78 194 77 98 70179  1 2668838 114107 1.5 29 20 7 18  3% 237776 29734 94%
c s 42143.54 194 77 98 70179  1 2668838 114018 1.5 29 20 7 18  3% 237769 29734 94%
c e 42143.77 194 77 98 70179  1 2668838 114018 1.5 29 20 7 18  3% 237767 29733 94%
c - 42348.29 195 67 99 70191  1 2689261 91302 1.5 27 19 7 18  3% 237767 29733 94%
c u 42349.29 195 67 99 70191  1 2689261 90971 1.5 27 19 7 18  3% 237767 29733 94%
c v 42349.53 195 67 99 70191  1 2689261 90848 1.5 27 19 7 18  3% 237767 29733 94%
c w 42349.53 195 67 99 70191  1 2689261 90847 1.5 27 19 7 18  3% 237767 29733 94%
c f 42350.05 195 67 99 70191  1 2689261 90847 1.5 27 19 7 18  3% 237624 29748 94%
c 
c   seconds     reductions     conflicts         size   tier2         variables
c             MB      restarts        redundant     glue    trail          remaining
c              level        rate           size/glue  tier1   irredundant
c 
c ] 42414.13 195 64 99 70194  1 2695731 95735 1.5 27 19 7 18  3% 237624 29748 94%
c { 42414.13 195 12 99 70194  2 2695731 95735 1.5 13 9 6 7  2% 237624 29748 94%
c - 43068.16 195 12 100 72512  2 2745680 99752 1.5 13 9 6 7  2% 237624 29748 94%
c - 43838.80 195 12 101 75548  2 2802676 111606 1.5 13 9 6 7  2% 237624 29748 94%
c f 43839.67 195 12 101 75548  2 2802676 111606 1.5 13 9 6 7  2% 237615 29749 94%
c - 44639.78 195 12 102 78645  2 2860259 121629 1.5 13 9 6 7  2% 237615 29749 94%
c u 44640.79 195 12 102 78645  2 2860259 121289 1.5 13 9 6 7  2% 237615 29749 94%
c v 44641.15 195 12 102 78645  2 2860259 120947 1.5 13 9 6 7  2% 237615 29749 94%
c s 44652.44 195 12 102 78647  2 2860804 104352 1.5 13 9 6 7  2% 237614 29749 94%
c e 44652.86 195 12 102 78647  2 2860804 104159 1.5 13 9 6 7  2% 237639 29744 94%
c s 44655.45 195 12 102 78647  2 2860804 102811 1.5 13 9 6 7  2% 237639 29744 94%
c } 44766.15 195 12 102 79069  2 2868660 107579 1.5 13 9 6 7  2% 237639 29744 94%
c [ 44766.15 195 64 102 79069  1 2868660 107579 1.5 27 19 7 18  3% 237639 29744 94%
c B 44812.48 195 63 102 79069  1 2873163 110639 1.5 27 18 7 18  3% 237639 29744 94%
c - 45269.50 196 48 103 79084  1 2918430 109757 1.5 25 17 7 17  2% 237639 29744 94%
c f 45270.90 196 48 103 79084  1 2918430 109758 1.5 25 17 7 17  2% 237610 29747 94%
c W 45713.85 196 47 103 79085  1 2921209 111706 1.5 25 17 7 17  2% 237610 29747 94%
c I 46201.69 196 39 103 79101  1 2970280 147733 1.5 25 17 7 17  2% 237610 29747 94%
c - 46271.25 196 39 104 79102  1 2977194 113134 1.5 25 17 7 17  2% 237610 29747 94%
c u 46273.37 196 39 104 79102  1 2977194 112828 1.5 25 17 7 17  2% 237610 29747 94%
c 
c   seconds      reductions     conflicts          size   tier2         variables
c             MB       restarts        redundant      glue    trail          remaining
c              level         rate            size/glue  tier1   irredundant
c 
c v 46273.55 196 39 104 79102  1 2977194 112774 1.5 25 17 7 17  2% 237610 29747 94%
c w 46273.55 196 39 104 79102  1 2977194 112774 1.5 25 17 7 17  2% 237610 29747 94%
c x 46273.86 196 39 104 79102  1 2977194 112774 1.5 25 17 7 17  2% 237425 29747 94%
c 2 46274.13 196 39 104 79102  1 2977194 112774 1.5 25 17 7 17  2% 237422 29747 94%
c f 46274.55 196 39 104 79102  1 2977194 112750 1.5 25 17 7 17  2% 237427 29749 94%
c ] 46408.43 196 37 104 79102  1 2990230 122713 1.5 25 17 7 17  2% 237427 29749 94%
c { 46408.43 196 12 104 79102  2 2990230 122713 1.5 13 9 6 7  2% 237427 29749 94%
c - 47029.62 196 12 105 81368  2 3036543 120592 1.5 13 9 6 7  2% 237427 29749 94%
c f 47030.53 196 12 105 81368  2 3036543 120592 1.5 13 9 6 7  2% 237416 29750 94%
c s 47360.21 196 12 105 82617  2 3058679 122843 1.5 13 9 6 7  2% 237415 29750 94%
c e 47360.83 196 12 105 82617  2 3058679 109703 1.5 13 9 6 7  2% 237560 29712 94%
c s 47363.69 196 12 105 82617  2 3058679 107666 1.5 13 9 6 7  2% 237554 29712 94%
c e 47363.91 196 12 105 82617  2 3058679 107666 1.5 13 9 6 7  2% 237560 29711 94%
c - 47823.35 196 12 106 84157  2 3096466 107169 1.5 13 9 6 7  2% 237560 29711 94%
c p 47823.54 196 12 106 84157  2 3096466 107170 1.5 13 9 6 7  2% 237560 29711 94%
c f 47824.34 196 12 106 84157  2 3096466 107170 1.5 13 9 6 7  2% 237381 29727 94%
c - 48596.32 196 12 107 86962  1 3156993 120350 1.5 13 9 6 7  2% 237381 29727 94%
c u 48598.39 196 12 107 86962  1 3156993 120055 1.5 13 9 6 7  2% 237381 29727 94%
c v 48598.68 196 12 107 86962  1 3156993 119495 1.5 13 9 6 7  2% 237381 29727 94%
c f 48599.23 196 12 107 86962  1 3156993 119469 1.5 13 9 6 7  2% 237378 29730 94%
c 
c   seconds      reductions     conflicts          size  tier2        variables
c             MB       restarts        redundant      glue  trail          remaining
c              level         rate            size/glue tier1  irredundant
c 
c } 48828.75 196 12 107 87928  2 3172655 129402 1.5 13 9 6 7  2% 237378 29730 94%
c [ 48828.75 196 37 107 87928  1 3172655 129402 1.5 25 17 7 17  2% 237378 29730 94%
c B 49139.53 196 39 107 87935  1 3202772 152891 1.5 28 19 7 17  2% 237378 29730 94%
c - 49293.51 196 39 108 87943  1 3218088 125843 1.5 28 19 7 17  2% 237378 29730 94%
c W 50130.70 196 38 108 87958  1 3253822 154329 1.5 30 20 7 17  2% 237378 29730 94%
c s 50226.49 196 38 108 87959  1 3262628 147295 1.5 30 20 7 17  2% 237364 29730 94%
c e 50227.04 196 38 108 87959  1 3262628 147227 1.5 30 20 7 17  2% 237414 29722 94%
c s 50230.62 196 38 108 87959  1 3262628 145968 1.5 30 20 7 17  2% 237411 29722 94%
c - 50401.99 196 36 109 87962  1 3279773 113749 1.5 30 20 7 17  2% 237411 29722 94%
c p 50402.20 196 36 109 87962  1 3279773 113751 1.5 30 20 7 17  2% 237411 29722 94%
c u 50403.08 196 36 109 87962  1 3279773 113579 1.5 30 20 7 17  2% 237411 29722 94%
c v 50403.27 196 36 109 87962  1 3279773 113505 1.5 30 20 7 17  2% 237411 29722 94%
c x 50403.59 196 36 109 87962  1 3279773 113504 1.5 30 20 7 17  2% 237181 29722 94%
c 2 50403.78 196 36 109 87962  1 3279773 113504 1.5 30 20 7 17  2% 237165 29722 94%
c f 50404.25 196 36 109 87962  1 3279773 113464 1.5 30 20 7 17  2% 237124 29729 94%
c ] 50516.93 196 35 109 87969  1 3291130 121946 1.5 29 19 7 17  2% 237124 29729 94%
c { 50516.93 196 12 109 87969  2 3291130 121946 1.5 13 9 6 7  2% 237124 29729 94%
c - 51162.30 196 12 110 90228  1 3342050 120861 1.5 13 9 6 7  2% 237124 29729 94%
c - 52042.00 196 12 111 93418  2 3404893 132059 1.5 13 9 6 7  2% 237124 29729 94%
c - 52894.47 196 12 112 96691  2 3468320 142003 1.5 13 9 6 7  2% 237124 29729 94%
c 
c   seconds      reductions     conflicts          size  tier2        variables
c             MB       restarts        redundant      glue  trail          remaining
c              level         rate            size/glue tier1  irredundant
c 
c p 52894.59 196 12 112 96691  2 3468320 142004 1.5 13 9 6 7  2% 237124 29729 94%
c u 52895.46 196 12 112 96691  2 3468320 141780 1.5 13 9 6 7  2% 237124 29729 94%
c v 52895.74 196 12 112 96691  2 3468320 141536 1.5 13 9 6 7  2% 237124 29729 94%
c w 52895.75 196 12 112 96691  2 3468320 141535 1.5 13 9 6 7  2% 237124 29729 94%
c s 52961.07 196 12 112 96998  2 3472473 125797 1.5 13 9 6 7  2% 237102 29729 94%
c e 52961.74 196 12 112 96998  2 3472473 120468 1.5 13 9 6 7  2% 237244 29670 94%
c s 52966.20 196 12 112 96998  2 3472473 117291 1.5 13 9 6 7  2% 237223 29670 94%
c e 52966.48 196 12 112 96998  2 3472473 117291 1.5 13 9 6 7  2% 237120 29651 94%
c } 53030.29 196 12 112 97243  2 3476583 119945 1.5 13 9 6 7  2% 237120 29651 94%
c [ 53030.29 196 35 112 97243  1 3476583 119945 1.5 29 19 7 17  2% 237120 29651 94%
c F 53200.01 196 43 112 97248  1 3491333 131562 1.5 30 20 7 17  2% 237120 29651 94%
c - 53614.68 197 39 113 97264  1 3532336 120248 1.5 29 19 7 17  2% 237120 29651 94%
c f 53615.92 197 39 113 97264  1 3532336 120248 1.5 29 19 7 17  2% 237062 29657 94%
c B 53758.84 197 38 113 97264  1 3544426 129598 1.5 29 19 7 17  2% 237062 29657 94%
c - 54301.96 197 48 114 97266  1 3596940 120700 1.5 33 23 7 17  2% 237062 29657 94%
c p 54302.43 197 48 114 97266  1 3596940 120701 1.5 33 23 7 17  2% 237062 29657 94%
c u 54303.42 197 48 114 97266  1 3596940 120404 1.5 33 23 7 17  2% 237062 29657 94%
c v 54303.72 197 48 114 97266  1 3596940 120292 1.5 33 23 7 17  2% 237062 29657 94%
c w 54303.73 197 48 114 97266  1 3596940 120291 1.5 33 23 7 17  2% 237062 29657 94%
c f 54304.33 197 48 114 97266  1 3596940 120264 1.5 33 23 7 17  2% 237032 29663 94%
c 
c   seconds      reductions     conflicts          size   tier2         variables
c             MB       restarts        redundant      glue    trail          remaining
c              level         rate            size/glue  tier1   irredundant
c 
c W 54821.39 197 48 114 97266  1 3598485 121539 1.5 33 23 7 17  2% 237032 29663 94%
c ] 55049.47 197 59 114 97266  1 3618633 138124 1.5 33 22 7 17  2% 237032 29663 94%
c { 55049.47 197 12 114 97266  2 3618633 138124 1.5 13 9 6 7  2% 237032 29663 94%
c - 55660.51 197 12 115 99351  2 3662127 127814 1.5 13 9 6 7  2% 237032 29663 94%
c f 55661.55 197 12 115 99351  2 3662127 127802 1.5 13 9 6 7  2% 237026 29665 94%
c s 55957.70 197 12 115 100000  1 3688437 131547 1.5 13 9 6 7  2% 237012 29665 94%
c e 55958.18 197 12 115 100000  1 3688437 131547 1.5 13 9 6 7  2% 237026 29662 94%
c s 55962.94 197 12 115 100000  1 3688437 129720 1.5 13 9 6 7  2% 237017 29662 94%
c - 56480.80 215 12 116 101955  1 3727899 128456 1.5 13 9 6 7  2% 237017 29662 94%
c u 56481.78 215 12 116 101955  1 3727899 128241 1.5 13 9 6 7  2% 237017 29662 94%
c v 56482.00 215 12 116 101955  1 3727899 126400 1.5 13 9 6 7  2% 237017 29662 94%
c w 56482.00 215 12 116 101955  1 3727899 126400 1.5 13 9 6 7  2% 237017 29662 94%
c x 56482.32 215 12 116 101955  1 3727899 126400 1.5 13 9 6 7  2% 237017 29662 94%
c f 56482.92 215 12 116 101955  1 3727899 126400 1.5 13 9 6 7  2% 237006 29663 94%
c - 57414.81 215 12 117 105853  2 3794259 139742 1.5 13 9 6 7  2% 237006 29663 94%
c } 57602.48 215 12 117 106469  1 3810797 149009 1.5 13 9 6 7  2% 237006 29663 94%
c [ 57602.48 215 59 117 106469  1 3810797 149009 1.5 33 22 7 17  2% 237006 29663 94%
c # 57963.12 215 58 117 106476  1 3845729 176522 1.5 32 21 7 17  3% 237006 29663 94%
c - 58120.23 215 53 118 106483  1 3861208 148932 1.5 31 20 7 17  3% 237006 29663 94%
c u 58122.94 215 53 118 106483  1 3861208 148571 1.5 31 20 7 17  3% 237006 29663 94%
c 
c   seconds      reductions      conflicts          size   tier2         variables
c             MB       restarts         redundant      glue    trail          remaining
c              level          rate            size/glue  tier1   irredundant
c 
c v 58123.23 215 53 118 106483  1 3861208 148359 1.5 31 20 7 17  3% 237006 29663 94%
c w 58123.25 215 53 118 106483  1 3861208 148334 1.5 31 20 7 17  3% 237006 29663 94%
c f 58123.88 215 53 118 106483  1 3861208 148312 1.5 31 20 7 17  3% 236990 29667 94%
c i 58424.04 215 45 118 106498  1 3891419 170310 1.5 29 19 7 17  2% 236990 29666 94%
c B 58552.52 215 46 118 106499  1 3901805 178791 1.5 31 20 7 17  2% 236971 29666 94%
c s 58688.20 215 94 118 106500  1 3910312 165664 1.5 31 21 7 17  3% 236964 29666 94%
c e 58688.76 215 94 118 106500  1 3910312 160010 1.5 31 21 7 17  3% 237015 29655 94%
c s 58693.24 215 94 118 106500  1 3910312 156623 1.5 31 21 7 17  3% 237008 29655 94%
c - 58881.62 215 81 119 106507  1 3928742 116863 1.5 30 20 7 17  3% 237008 29655 94%
c f 58882.71 215 81 119 106507  1 3928742 116863 1.5 30 20 7 17  3% 236986 29657 94%
c ] 59046.17 215 72 119 106514  1 3944834 128359 1.5 29 19 7 17  3% 236986 29657 94%
c { 59046.17 215 12 119 106514  1 3944834 128359 1.5 13 9 6 7  2% 236986 29657 94%
c - 59786.47 215 12 120 109484  2 3996864 128907 1.5 13 9 6 7  2% 236986 29657 94%
c u 59787.63 215 12 120 109484  2 3996864 128577 1.5 13 9 6 7  2% 236986 29657 94%
c v 59787.92 215 12 120 109484  2 3996864 128351 1.5 13 9 6 7  2% 236986 29657 94%
c - 60787.16 215 12 121 113477  2 4065572 142810 1.5 13 9 6 7  2% 236986 29657 94%
c - 61685.50 215 12 122 116553  2 4134871 154658 1.5 13 9 6 7  2% 236986 29657 94%
c u 61687.55 215 12 122 116553  2 4134871 154515 1.5 13 9 6 7  2% 236986 29657 94%
c v 61687.72 215 12 122 116553  2 4134871 154439 1.5 13 9 6 7  2% 236986 29657 94%
c w 61687.72 215 12 122 116553  2 4134871 154439 1.5 13 9 6 7  2% 236986 29657 94%
c 
c   seconds      reductions      conflicts          size  tier2        variables
c             MB       restarts         redundant      glue  trail          remaining
c              level          rate            size/glue tier1  irredundant
c 
c x 61688.05 215 12 122 116553  2 4134871 154439 1.5 13 9 6 7  2% 236879 29657 94%
c 2 61688.37 215 12 122 116553  2 4134871 154439 1.5 13 9 6 7  2% 236870 29657 94%
c f 61688.77 215 12 122 116553  2 4134871 154439 1.5 13 9 6 7  2% 236861 29658 94%
c s 61730.41 215 12 122 116610  2 4138205 138782 1.5 13 9 6 7  2% 236858 29658 94%
c e 61730.96 215 12 122 116610  2 4138205 138653 1.5 13 9 6 7  2% 236866 29622 94%
c s 61736.82 215 12 122 116610  2 4138205 134476 1.5 13 9 6 7  2% 236853 29622 94%
c e 61737.04 215 12 122 116610  2 4138205 134476 1.5 13 9 6 7  2% 236867 29620 94%
c } 61856.06 215 12 122 117079  2 4147649 140136 1.5 13 9 6 7  2% 236867 29620 94%
c [ 61856.07 215 72 122 117079  1 4147649 140136 1.5 29 19 7 17  3% 236867 29620 94%
c W 62844.39 215 68 122 117085  1 4161701 151920 1.6 31 20 7 17  3% 236867 29620 94%
c - 63295.06 215 54 123 117096  1 4204756 139612 1.6 29 18 7 17  3% 236867 29620 94%
c f 63296.26 215 54 123 117096  1 4204756 139610 1.6 29 18 7 17  3% 236790 29626 94%
c O 63446.91 215 52 123 117097  1 4219757 151248 1.5 29 19 7 17  2% 236790 29626 94%
c - 64001.21 215 41 124 117115  1 4275217 143545 1.5 28 18 6 16  2% 236790 29626 94%
c u 64002.59 215 41 124 117115  1 4275217 143097 1.5 28 18 6 16  2% 236790 29626 94%
c v 64002.97 215 41 124 117115  1 4275217 143007 1.5 28 18 6 16  2% 236790 29626 94%
c w 64002.98 215 41 124 117115  1 4275217 143006 1.5 28 18 6 16  2% 236790 29626 94%
c t 64003.13 215 41 124 117115  1 4275217 143006 1.5 28 18 6 16  2% 236653 29626 94%
c f 64003.71 215 41 124 117115  1 4275217 142982 1.5 28 18 6 16  2% 236629 29631 94%
c B 64064.58 215 41 124 117117  1 4278810 145807 1.5 28 19 6 16  2% 236629 29631 94%
c 
c   seconds      reductions      conflicts          size   tier2         variables
c             MB       restarts         redundant      glue    trail          remaining
c              level          rate            size/glue  tier1   irredundant
c 
c ] 64163.13 215 69 124 117119  1 4282550 148870 1.5 29 19 6 16  3% 236629 29631 94%
c { 64163.13 215 12 124 117119  2 4282550 148870 1.5 13 9 6 7  2% 236629 29631 94%
c - 64945.73 215 12 125 119814  1 4346259 151633 1.5 13 9 6 7  2% 236629 29631 94%
c p 64946.25 215 12 125 119814  1 4346259 151636 1.5 13 9 6 7  2% 236629 29631 94%
c s 65297.74 215 12 125 121263  1 4372162 167318 1.5 13 9 6 7  2% 236625 29631 94%
c e 65298.28 215 12 125 121263  1 4372162 167158 1.5 13 9 6 7  2% 236676 29624 94%
c s 65303.64 215 12 125 121263  1 4372162 153004 1.5 13 9 6 7  2% 236676 29624 94%
c e 65303.87 215 12 125 121263  1 4372162 153004 1.5 13 9 6 7  2% 236683 29623 94%
c - 65935.95 215 12 126 123755  1 4417875 150956 1.5 13 9 6 7  2% 236683 29623 94%
c u 65936.92 215 12 126 123755  1 4417875 150802 1.5 13 9 6 7  2% 236683 29623 94%
c v 65937.12 215 12 126 123755  1 4417875 150600 1.5 13 9 6 7  2% 236683 29623 94%
c x 65937.43 215 12 126 123755  1 4417875 150599 1.5 13 9 6 7  2% 236684 29623 94%
c f 65938.03 215 12 126 123755  1 4417875 150599 1.5 13 9 6 7  2% 236655 29626 94%
c } 66910.85 215 12 126 127619  2 4488050 192232 1.5 13 9 6 7  2% 236655 29626 94%
c [ 66910.85 215 69 126 127619  1 4488050 192232 1.5 29 19 6 16  3% 236655 29626 94%
c - 66931.60 215 68 127 127619  1 4490083 163847 1.5 28 18 6 16  3% 236655 29626 94%
c p 66931.83 215 68 127 127619  1 4490083 163848 1.5 28 18 6 16  3% 236655 29626 94%
c W 68167.14 215 50 127 127638  1 4544390 204904 1.6 30 18 6 16  3% 236655 29626 94%
c - 68385.55 215 48 128 127645  1 4562878 167909 1.8 32 18 6 16  3% 236655 29626 94%
c p 68385.98 215 48 128 127645  1 4562878 167911 1.8 32 18 6 16  3% 236655 29626 94%
c 
c   seconds      reductions      conflicts          size   tier2         variables
c             MB       restarts         redundant      glue    trail          remaining
c              level          rate            size/glue  tier1   irredundant
c 
c u 68387.21 215 48 128 127645  1 4562878 167697 1.8 32 18 6 16  3% 236655 29626 94%
c v 68387.57 215 48 128 127645  1 4562878 167475 1.8 32 18 6 16  3% 236655 29626 94%
c w 68387.59 215 48 128 127645  1 4562878 167472 1.8 32 18 6 16  3% 236655 29626 94%
c f 68388.35 215 48 128 127645  1 4562878 167430 1.8 32 18 6 16  3% 236675 29628 94%
c I 68889.58 215 63 128 127659  1 4605463 200624 2.0 33 17 6 16  3% 236675 29628 94%
c s 68959.93 215 60 128 127660  1 4612017 202715 2.0 33 17 6 16  3% 236670 29628 94%
c e 68960.56 215 60 128 127660  1 4612017 200606 2.0 33 17 6 16  3% 236697 29624 94%
c s 68961.41 215 60 128 127660  1 4612017 200563 2.0 33 17 6 16  3% 236695 29624 94%
c ] 69160.22 215 53 128 127660  1 4632217 215148 1.9 31 16 6 16  3% 236695 29624 94%
c { 69160.22 215 12 128 127660  2 4632217 215148 1.5 13 9 6 7  2% 236695 29624 94%
c - 69242.16 216 12 129 128054  2 4636260 162061 1.5 13 9 6 7  2% 236695 29624 94%
c p 69242.40 216 12 129 128054  2 4636260 162063 1.5 13 9 6 7  2% 236695 29624 94%
c f 69243.37 216 12 129 128054  2 4636260 162060 1.5 13 9 6 7  2% 236652 29629 94%
c - 70247.08 216 12 130 131900  2 4710231 171304 1.5 13 9 6 7  2% 236652 29629 94%
c p 70247.31 216 12 130 131900  2 4710231 171306 1.5 13 9 6 7  2% 236652 29629 94%
c u 70248.54 216 12 130 131900  2 4710231 171098 1.5 13 9 6 7  2% 236652 29629 94%
c v 70248.89 216 12 130 131900  2 4710231 170808 1.5 13 9 6 7  2% 236652 29629 94%
c - 71306.24 216 12 131 136153  2 4784787 184286 1.5 13 9 6 7  2% 236652 29629 94%
c p 71306.80 216 12 131 136153  2 4784787 184288 1.5 13 9 6 7  2% 236652 29629 94%
c } 71842.82 216 12 131 138315  2 4826869 208672 1.5 13 9 6 7  2% 236652 29629 94%
c 
c   seconds      reductions      conflicts          size   tier2         variables
c             MB       restarts         redundant      glue    trail          remaining
c              level          rate            size/glue  tier1   irredundant
c 
c [ 71842.82 216 53 131 138315  1 4826869 208672 1.9 31 16 6 16  3% 236652 29629 94%
c i 72100.94 216 46 131 138316  1 4853386 228397 1.8 29 16 6 16  3% 236652 29628 94%
c s 72151.03 216 45 131 138316  1 4857869 207876 1.8 28 16 6 16  2% 236652 29628 94%
c e 72151.66 216 45 131 138316  1 4857869 206870 1.8 28 16 6 16  2% 236690 29618 94%
c s 72157.80 216 45 131 138316  1 4857869 199102 1.8 28 16 6 16  2% 236690 29618 94%
c - 72179.51 221 44 132 138316  1 4859931 152095 1.8 28 16 6 16  2% 236690 29618 94%
c u 72180.58 221 44 132 138316  1 4859931 151937 1.8 28 16 6 16  2% 236690 29618 94%
c v 72180.81 221 44 132 138316  1 4859931 151873 1.8 28 16 6 16  2% 236690 29618 94%
c w 72180.82 221 44 132 138316  1 4859931 151873 1.8 28 16 6 16  2% 236690 29618 94%
c x 72181.12 221 44 132 138316  1 4859931 151873 1.8 28 16 6 16  2% 236689 29618 94%
c f 72181.68 221 44 132 138316  1 4859931 151873 1.8 28 16 6 16  2% 236646 29622 94%
c B 72241.77 221 44 132 138316  1 4862164 153616 1.8 28 16 6 16  2% 236646 29622 94%
c W 73550.82 221 931 132 138317  1 4925269 203976 1.4 39 27 7 17 16% 236646 29622 94%
c - 73654.27 221 855 133 138317  1 4935666 154690 1.4 42 31 7 17 15% 236646 29622 94%
c p 73654.50 221 855 133 138317  1 4935666 154692 1.4 42 31 7 17 15% 236646 29622 94%
c f 73656.84 221 855 133 138317  1 4935666 154679 1.4 42 31 7 17 15% 236639 29624 94%
c F 74200.14 221 526 133 138317  1 4989322 196168 1.3 45 34 7 18 10% 236639 29624 94%
c ] 74431.98 221 431 133 138317  1 5011691 214401 1.3 43 32 7 18  9% 236639 29624 94%
c { 74431.98 221 12 133 138317  2 5011691 214401 1.5 13 9 6 7  2% 236639 29624 94%
c - 74436.47 221 12 134 138330  2 5011983 151771 1.5 13 9 6 7  2% 236639 29624 94%
c 
c   seconds      reductions      conflicts          size  tier2        variables
c             MB       restarts         redundant      glue  trail          remaining
c              level          rate            size/glue tier1  irredundant
c 
c p 74437.14 221 12 134 138330  2 5011983 151773 1.5 13 9 6 7  2% 236639 29624 94%
c u 74438.29 221 12 134 138330  2 5011983 151543 1.5 13 9 6 7  2% 236639 29624 94%
c v 74438.65 221 12 134 138330  2 5011983 151377 1.5 13 9 6 7  2% 236639 29624 94%
c f 74439.44 221 12 134 138330  2 5011983 151323 1.5 13 9 6 7  2% 236653 29628 94%
c - 75292.61 221 11 135 141071  1 5088889 162740 1.5 13 9 6 7  2% 236653 29628 94%
c p 75292.85 221 11 135 141071  1 5088889 162742 1.5 13 9 6 7  2% 236653 29628 94%
c f 75293.95 221 11 135 141071  1 5088889 162740 1.5 13 9 6 7  2% 236646 29629 94%
c s 75633.47 221 11 135 142504  1 5109742 174787 1.5 13 9 6 7  2% 236644 29629 94%
c e 75633.99 221 11 135 142504  1 5109742 174177 1.5 13 9 6 7  2% 236674 29625 94%
c s 75639.64 221 11 135 142504  1 5109742 157535 1.5 13 9 6 7  2% 236674 29625 94%
c - 76459.82 221 12 136 146257  2 5166383 161220 1.5 13 9 6 7  2% 236674 29625 94%
c p 76460.05 221 12 136 146257  2 5166383 161222 1.5 13 9 6 7  2% 236674 29625 94%
c u 76461.25 221 12 136 146257  2 5166383 160925 1.5 13 9 6 7  2% 236674 29625 94%
c v 76461.61 221 12 136 146257  2 5166383 160428 1.5 13 9 6 7  2% 236674 29625 94%
c f 76462.39 221 12 136 146257  2 5166383 160428 1.5 13 9 6 7  2% 236665 29626 94%
c } 77142.31 221 12 136 148958  2 5210804 188484 1.5 13 9 6 7  2% 236665 29626 94%
c [ 77142.31 221 431 136 148958  1 5210804 188484 1.3 43 32 7 18  9% 236665 29626 94%
c - 77481.49 221 321 137 148959  1 5244469 169936 1.4 42 31 7 18  7% 236665 29626 94%
c f 77482.99 221 321 137 148959  1 5244469 169931 1.4 42 31 7 18  7% 236652 29628 94%
c B 77577.02 221 297 137 148959  1 5253488 177136 1.4 41 30 7 18  7% 236652 29628 94%
c 
c   seconds       reductions      conflicts          size   tier2         variables
c             MB        restarts         redundant      glue    trail          remaining
c               level          rate            size/glue  tier1   irredundant
c 
c W 78879.38 221 191 137 148959  1 5319569 231224 1.3 48 37 7 19  5% 236652 29628 94%
c - 78917.94 221 188 138 148959  1 5323141 166608 1.3 48 37 7 19  5% 236652 29628 94%
c u 78919.99 221 188 138 148959  1 5323141 166217 1.3 48 37 7 19  5% 236652 29628 94%
c v 78920.32 221 188 138 148959  1 5323141 165701 1.3 48 37 7 19  5% 236652 29628 94%
c w 78920.33 221 188 138 148959  1 5323141 165701 1.3 48 37 7 19  5% 236652 29628 94%
c f 78921.04 221 188 138 148959  1 5323141 165683 1.3 48 37 7 19  5% 236661 29629 94%
c s 79395.25 221 486 138 148959  1 5367572 193088 1.3 41 31 7 19 12% 236661 29629 94%
c s 79398.17 221 486 138 148959  1 5367572 192519 1.3 41 31 7 19 12% 236651 29629 94%
c # 79595.60 221 407 138 148959  1 5386654 206290 1.4 38 28 7 19 10% 236651 29629 94%
c ] 79669.37 221 380 138 148959  1 5394001 211912 1.4 37 27 7 19  9% 236651 29629 94%
c { 79669.37 221 12 138 148959  2 5394001 211912 1.5 13 9 6 7  2% 236651 29629 94%
c - 79787.51 221 12 139 149373  2 5402398 157885 1.5 13 9 6 7  2% 236651 29629 94%
c f 79788.77 221 12 139 149373  2 5402398 157875 1.5 13 9 6 7  2% 236650 29630 94%
c - 80799.85 221 12 140 153071  1 5482244 170737 1.5 13 9 6 7  2% 236650 29630 94%
c u 80801.48 221 12 140 153071  1 5482244 170470 1.5 13 9 6 7  2% 236650 29630 94%
c v 80801.76 221 12 140 153071  1 5482244 170119 1.5 13 9 6 7  2% 236650 29630 94%
c x 80802.09 221 12 140 153071  1 5482244 170119 1.5 13 9 6 7  2% 236647 29630 94%
